Set seed to 1689495763103311 because --seed was 0
Initializing RocksDB Options from the specified file
Initializing RocksDB Options from command-line flags
Integrated BlobDB: blob cache disabled
Keys:       8 bytes each (+ 0 bytes user-defined timestamp)
Values:     20 bytes each (10 bytes after compression)
Entries:    100000
Prefix:    0 bytes
Keys per prefix:    0
RawSize:    2.7 MB (estimated)
FileSize:   1.7 MB (estimated)
Write rate: 0 bytes/second
Read rate: 0 ops/second
Compression: Snappy
Compression sampling rate: 0
Memtablerep: SkipListFactory
Perf Level: 1
WARNING: Optimization is disabled: benchmarks unnecessarily slow
WARNING: Assertions are enabled; benchmarks unnecessarily slow
------------------------------------------------
Initializing RocksDB Options from the specified file
Initializing RocksDB Options from command-line flags
Integrated BlobDB: blob cache disabled
DB path: [/tmp/rdb_benchmark]
fillrandom   :     165.571 micros/op 239986 ops/sec 16.668 seconds 4000000 operations;    6.4 MB/s


** Compaction Stats [default] **
Level    Files   Size     Score Read(GB)  Rn(GB) Rnp1(GB) Write(GB) Wnew(GB) Moved(GB) W-Amp Rd(MB/s) Wr(MB/s) Comp(sec) CompMergeCPU(sec) Comp(cnt) Avg(sec) KeyIn KeyDrop Rblob(GB) Wblob(GB)
------------------------------------------------------------------------------------------------------------------------------------------------------------------------------------------------
  L0     15/13   1.64 MB   0.5      0.1     0.0      0.1       0.2      0.1       0.0   1.9      1.8      3.7     65.12             50.23      1254    0.052   3623K   216K       0.0       0.0
  L1     36/36   2.73 MB   0.0      0.2     0.1      0.1       0.1      0.0       0.0   0.6     34.4     13.0      5.44             43.98        27    0.202   6148K  3551K       0.0       0.0
 Sum     51/49   4.37 MB   0.0      0.3     0.1      0.2       0.3      0.1       0.0   2.4      4.3      4.4     70.56             94.21      1281    0.055   9771K  3768K       0.0       0.0
 Int      0/0    0.00 KB   0.0      0.3     0.1      0.2       0.3      0.1       0.0   2.5      4.5      4.4     58.25             79.26      1051    0.055   8344K  3284K       0.0       0.0

** Compaction Stats [default] **
Priority    Files   Size     Score Read(GB)  Rn(GB) Rnp1(GB) Write(GB) Wnew(GB) Moved(GB) W-Amp Rd(MB/s) Wr(MB/s) Comp(sec) CompMergeCPU(sec) Comp(cnt) Avg(sec) KeyIn KeyDrop Rblob(GB) Wblob(GB)
---------------------------------------------------------------------------------------------------------------------------------------------------------------------------------------------------
 Low      0/0    0.00 KB   0.0      0.3     0.1      0.2       0.2     -0.0       0.0   0.0      7.8      4.7     39.10             74.52       253    0.155   9771K  3768K       0.0       0.0
High      0/0    0.00 KB   0.0      0.0     0.0      0.0       0.1      0.1       0.0   0.0      0.0      4.1     31.46             19.69      1028    0.031       0      0       0.0       0.0

Blob file count: 0, total size: 0.0 GB, garbage size: 0.0 GB, space amp: 0.0

Uptime(secs): 16.7 total, 13.7 interval
Flush(GB): cumulative 0.126, interval 0.103
AddFile(GB): cumulative 0.000, interval 0.000
AddFile(Total Files): cumulative 0, interval 0
AddFile(L0 Files): cumulative 0, interval 0
AddFile(Keys): cumulative 0, interval 0
Cumulative compaction: 0.30 GB write, 18.65 MB/s write, 0.30 GB read, 18.39 MB/s read, 70.6 seconds
Interval compaction: 0.25 GB write, 18.94 MB/s write, 0.26 GB read, 19.15 MB/s read, 58.2 seconds
Write Stall (count): cf-l0-file-count-limit-delays-with-ongoing-compaction: 502, cf-l0-file-count-limit-stops-with-ongoing-compaction: 0, l0-file-count-limit-delays: 502, l0-file-count-limit-stops: 0, memtable-limit-delays: 0, memtable-limit-stops: 0, pending-compaction-bytes-delays: 0, pending-compaction-bytes-stops: 0, total-delays: 502, total-stops: 0, interval: 413 total count
Block cache LRUCache@0x5649f65c3400#259920 capacity: 9.77 KB usage: 0.09 KB table_size: 16 occupancy: 88 collections: 1 last_copies: 1 last_secs: 0.00018 secs_since: 16
Block cache entry stats(count,size,portion): Misc(1,0.00 KB,0%)

** File Read Latency Histogram By Level [default] **
** Level 0 read latency histogram (micros):
Count: 69049 Average: 9.3901  StdDev: 172.53
Min: 1  Median: 5.4528  Max: 38639
Percentiles: P50: 5.45 P75: 7.50 P99: 19.45 P99.9: 155.93 P99.99: 926.31
------------------------------------------------------
[       0,       1 ]       25   0.036%   0.036% 
(       1,       2 ]      739   1.070%   1.106% 
(       2,       3 ]     1832   2.653%   3.760% #
(       3,       4 ]     5295   7.668%  11.428% ##
(       4,       6 ]    36664  53.099%  64.527% ###########
(       6,      10 ]    19338  28.006%  92.533% ######
(      10,      15 ]     3795   5.496%  98.029% #
(      15,      22 ]     1054   1.526%  99.555% 
(      22,      34 ]      193   0.280%  99.835% 
(      34,      51 ]       21   0.030%  99.865% 
(      51,      76 ]       10   0.014%  99.880% 
(      76,     110 ]        4   0.006%  99.886% 
(     110,     170 ]       13   0.019%  99.904% 
(     170,     250 ]        4   0.006%  99.910% 
(     250,     380 ]        7   0.010%  99.920% 
(     380,     580 ]       16   0.023%  99.944% 
(     580,     870 ]       30   0.043%  99.987% 
(     870,    1300 ]       16   0.023% 100.010% 
(    1300,    1900 ]        8   0.012% 100.022% 
(    1900,    2900 ]       11   0.016% 100.038% 
(    2900,    4400 ]        7   0.010% 100.048% 
(    4400,    6600 ]        2   0.003% 100.051% 
(    6600,    9900 ]        1   0.001% 100.052% 
(    9900,   14000 ]        2   0.003% 100.055% 
(   33000,   50000 ]        1   0.001% 100.056% 

** Level 1 read latency histogram (micros):
Count: 26222 Average: 8.4755  StdDev: 64.73
Min: 1  Median: 5.4198  Max: 5783
Percentiles: P50: 5.42 P75: 7.44 P99: 20.13 P99.9: 33.15 P99.99: 50.38
------------------------------------------------------
[       0,       1 ]       11   0.042%   0.042% 
(       1,       2 ]      748   2.853%   2.895% #
(       2,       3 ]      910   3.470%   6.365% #
(       3,       4 ]     1790   6.826%  13.191% #
(       4,       6 ]    13596  51.850%  65.041% ##########
(       6,      10 ]     7231  27.576%  92.617% ######
(      10,      15 ]     1285   4.900%  97.517% #
(      15,      22 ]      530   2.021%  99.539% 
(      22,      34 ]      102   0.389%  99.928% 
(      34,      51 ]       17   0.065%  99.992% 
(      51,      76 ]        2   0.008% 100.000% 
(      76,     110 ]        1   0.004% 100.004% 
(     110,     170 ]        2   0.008% 100.011% 
(     170,     250 ]        1   0.004% 100.015% 
(     250,     380 ]        5   0.019% 100.034% 
(     380,     580 ]        9   0.034% 100.069% 
(     580,     870 ]       16   0.061% 100.130% 
(     870,    1300 ]        9   0.034% 100.164% 
(    1300,    1900 ]        4   0.015% 100.179% 
(    1900,    2900 ]        1   0.004% 100.183% 
(    2900,    4400 ]        1   0.004% 100.187% 
(    4400,    6600 ]        2   0.008% 100.194% 


** DB Stats **
Uptime(secs): 16.7 total, 13.7 interval
Cumulative writes: 0 writes, 4000K keys, 0 commit groups, 0.0 writes per commit group, ingest: 0.12 GB, 7.09 MB/s
Cumulative WAL: 0 writes, 0 syncs, 0.00 writes per sync, written: 0.00 GB, 0.00 MB/s
Cumulative stall: 00:00:7.332 H:M:S, 43.9 percent
Interval writes: 0 writes, 3266K keys, 0 commit groups, 0.0 writes per commit group, ingest: 96.59 MB, 7.07 MB/s
Interval WAL: 0 writes, 0 syncs, 0.00 writes per sync, written: 0.00 GB, 0.00 MB/s
Interval stall: 00:00:6.222 H:M:S, 45.5 percent
Write Stall (count): write-buffer-manager-limit-stops: 0, 
STATISTICS:
rocksdb.block.cache.miss COUNT : 84517
rocksdb.block.cache.hit COUNT : 0
rocksdb.block.cache.add COUNT : 0
rocksdb.block.cache.add.failures COUNT : 0
rocksdb.block.cache.index.miss COUNT : 0
rocksdb.block.cache.index.hit COUNT : 0
rocksdb.block.cache.index.add COUNT : 0
rocksdb.block.cache.index.bytes.insert COUNT : 0
rocksdb.block.cache.filter.miss COUNT : 0
rocksdb.block.cache.filter.hit COUNT : 0
rocksdb.block.cache.filter.add COUNT : 0
rocksdb.block.cache.filter.bytes.insert COUNT : 0
rocksdb.block.cache.data.miss COUNT : 84517
rocksdb.block.cache.data.hit COUNT : 0
rocksdb.block.cache.data.add COUNT : 0
rocksdb.block.cache.data.bytes.insert COUNT : 0
rocksdb.block.cache.bytes.read COUNT : 0
rocksdb.block.cache.bytes.write COUNT : 0
rocksdb.bloom.filter.useful COUNT : 0
rocksdb.bloom.filter.full.positive COUNT : 0
rocksdb.bloom.filter.full.true.positive COUNT : 0
rocksdb.persistent.cache.hit COUNT : 0
rocksdb.persistent.cache.miss COUNT : 0
rocksdb.sim.block.cache.hit COUNT : 0
rocksdb.sim.block.cache.miss COUNT : 0
rocksdb.memtable.hit COUNT : 0
rocksdb.memtable.miss COUNT : 0
rocksdb.l0.hit COUNT : 0
rocksdb.l1.hit COUNT : 0
rocksdb.l2andup.hit COUNT : 0
rocksdb.compaction.key.drop.new COUNT : 3780244
rocksdb.compaction.key.drop.obsolete COUNT : 0
rocksdb.compaction.key.drop.range_del COUNT : 0
rocksdb.compaction.key.drop.user COUNT : 0
rocksdb.compaction.range_del.drop.obsolete COUNT : 0
rocksdb.compaction.optimized.del.drop.obsolete COUNT : 0
rocksdb.compaction.cancelled COUNT : 0
rocksdb.number.keys.written COUNT : 4000000
rocksdb.number.keys.read COUNT : 0
rocksdb.number.keys.updated COUNT : 0
rocksdb.bytes.written COUNT : 124042000
rocksdb.bytes.read COUNT : 0
rocksdb.number.db.seek COUNT : 0
rocksdb.number.db.next COUNT : 0
rocksdb.number.db.prev COUNT : 0
rocksdb.number.db.seek.found COUNT : 0
rocksdb.number.db.next.found COUNT : 0
rocksdb.number.db.prev.found COUNT : 0
rocksdb.db.iter.bytes.read COUNT : 0
rocksdb.no.file.opens COUNT : 2180
rocksdb.no.file.errors COUNT : 0
rocksdb.stall.micros COUNT : 7331885
rocksdb.db.mutex.wait.micros COUNT : 0
rocksdb.number.multiget.get COUNT : 0
rocksdb.number.multiget.keys.read COUNT : 0
rocksdb.number.multiget.bytes.read COUNT : 0
rocksdb.number.merge.failures COUNT : 0
rocksdb.bloom.filter.prefix.checked COUNT : 0
rocksdb.bloom.filter.prefix.useful COUNT : 0
rocksdb.number.reseeks.iteration COUNT : 0
rocksdb.getupdatessince.calls COUNT : 0
rocksdb.wal.synced COUNT : 0
rocksdb.wal.bytes COUNT : 0
rocksdb.write.self COUNT : 0
rocksdb.write.other COUNT : 0
rocksdb.write.wal COUNT : 0
rocksdb.compact.read.bytes COUNT : 328620567
rocksdb.compact.write.bytes COUNT : 181791765
rocksdb.flush.write.bytes COUNT : 135557917
rocksdb.compact.read.marked.bytes COUNT : 0
rocksdb.compact.read.periodic.bytes COUNT : 0
rocksdb.compact.read.ttl.bytes COUNT : 0
rocksdb.compact.write.marked.bytes COUNT : 0
rocksdb.compact.write.periodic.bytes COUNT : 0
rocksdb.compact.write.ttl.bytes COUNT : 0
rocksdb.number.direct.load.table.properties COUNT : 0
rocksdb.number.superversion_acquires COUNT : 0
rocksdb.number.superversion_releases COUNT : 0
rocksdb.number.superversion_cleanups COUNT : 0
rocksdb.number.block.compressed COUNT : 22265
rocksdb.number.block.decompressed COUNT : 21782
rocksdb.number.block.not_compressed COUNT : 823
rocksdb.merge.operation.time.nanos COUNT : 0
rocksdb.filter.operation.time.nanos COUNT : 0
rocksdb.row.cache.hit COUNT : 0
rocksdb.row.cache.miss COUNT : 0
rocksdb.read.amp.estimate.useful.bytes COUNT : 0
rocksdb.read.amp.total.read.bytes COUNT : 0
rocksdb.number.rate_limiter.drains COUNT : 0
rocksdb.number.iter.skip COUNT : 0
rocksdb.blobdb.num.put COUNT : 0
rocksdb.blobdb.num.write COUNT : 0
rocksdb.blobdb.num.get COUNT : 0
rocksdb.blobdb.num.multiget COUNT : 0
rocksdb.blobdb.num.seek COUNT : 0
rocksdb.blobdb.num.next COUNT : 0
rocksdb.blobdb.num.prev COUNT : 0
rocksdb.blobdb.num.keys.written COUNT : 0
rocksdb.blobdb.num.keys.read COUNT : 0
rocksdb.blobdb.bytes.written COUNT : 0
rocksdb.blobdb.bytes.read COUNT : 0
rocksdb.blobdb.write.inlined COUNT : 0
rocksdb.blobdb.write.inlined.ttl COUNT : 0
rocksdb.blobdb.write.blob COUNT : 0
rocksdb.blobdb.write.blob.ttl COUNT : 0
rocksdb.blobdb.blob.file.bytes.written COUNT : 0
rocksdb.blobdb.blob.file.bytes.read COUNT : 0
rocksdb.blobdb.blob.file.synced COUNT : 0
rocksdb.blobdb.blob.index.expired.count COUNT : 0
rocksdb.blobdb.blob.index.expired.size COUNT : 0
rocksdb.blobdb.blob.index.evicted.count COUNT : 0
rocksdb.blobdb.blob.index.evicted.size COUNT : 0
rocksdb.blobdb.gc.num.files COUNT : 0
rocksdb.blobdb.gc.num.new.files COUNT : 0
rocksdb.blobdb.gc.failures COUNT : 0
rocksdb.blobdb.gc.num.keys.relocated COUNT : 0
rocksdb.blobdb.gc.bytes.relocated COUNT : 0
rocksdb.blobdb.fifo.num.files.evicted COUNT : 0
rocksdb.blobdb.fifo.num.keys.evicted COUNT : 0
rocksdb.blobdb.fifo.bytes.evicted COUNT : 0
rocksdb.txn.overhead.mutex.prepare COUNT : 0
rocksdb.txn.overhead.mutex.old.commit.map COUNT : 0
rocksdb.txn.overhead.duplicate.key COUNT : 0
rocksdb.txn.overhead.mutex.snapshot COUNT : 0
rocksdb.txn.get.tryagain COUNT : 0
rocksdb.number.multiget.keys.found COUNT : 0
rocksdb.num.iterator.created COUNT : 0
rocksdb.num.iterator.deleted COUNT : 0
rocksdb.block.cache.compression.dict.miss COUNT : 0
rocksdb.block.cache.compression.dict.hit COUNT : 0
rocksdb.block.cache.compression.dict.add COUNT : 0
rocksdb.block.cache.compression.dict.bytes.insert COUNT : 0
rocksdb.block.cache.add.redundant COUNT : 0
rocksdb.block.cache.index.add.redundant COUNT : 0
rocksdb.block.cache.filter.add.redundant COUNT : 0
rocksdb.block.cache.data.add.redundant COUNT : 0
rocksdb.block.cache.compression.dict.add.redundant COUNT : 0
rocksdb.files.marked.trash COUNT : 0
rocksdb.files.deleted.immediately COUNT : 2129
rocksdb.error.handler.bg.errro.count COUNT : 0
rocksdb.error.handler.bg.io.errro.count COUNT : 0
rocksdb.error.handler.bg.retryable.io.errro.count COUNT : 0
rocksdb.error.handler.autoresume.count COUNT : 0
rocksdb.error.handler.autoresume.retry.total.count COUNT : 0
rocksdb.error.handler.autoresume.success.count COUNT : 0
rocksdb.memtable.payload.bytes.at.flush COUNT : 143845200
rocksdb.memtable.garbage.bytes.at.flush COUNT : 2802852
rocksdb.secondary.cache.hits COUNT : 0
rocksdb.verify_checksum.read.bytes COUNT : 0
rocksdb.backup.read.bytes COUNT : 0
rocksdb.backup.write.bytes COUNT : 0
rocksdb.remote.compact.read.bytes COUNT : 0
rocksdb.remote.compact.write.bytes COUNT : 0
rocksdb.hot.file.read.bytes COUNT : 0
rocksdb.warm.file.read.bytes COUNT : 0
rocksdb.cold.file.read.bytes COUNT : 0
rocksdb.hot.file.read.count COUNT : 0
rocksdb.warm.file.read.count COUNT : 0
rocksdb.cold.file.read.count COUNT : 0
rocksdb.last.level.read.bytes COUNT : 0
rocksdb.last.level.read.count COUNT : 0
rocksdb.non.last.level.read.bytes COUNT : 339658591
rocksdb.non.last.level.read.count COUNT : 95417
rocksdb.block.checksum.compute.count COUNT : 91057
rocksdb.multiget.coroutine.count COUNT : 0
rocksdb.blobdb.cache.miss COUNT : 0
rocksdb.blobdb.cache.hit COUNT : 0
rocksdb.blobdb.cache.add COUNT : 0
rocksdb.blobdb.cache.add.failures COUNT : 0
rocksdb.blobdb.cache.bytes.read COUNT : 0
rocksdb.blobdb.cache.bytes.write COUNT : 0
rocksdb.read.async.micros COUNT : 0
rocksdb.async.read.error.count COUNT : 0
rocksdb.secondary.cache.filter.hits COUNT : 0
rocksdb.secondary.cache.index.hits COUNT : 0
rocksdb.secondary.cache.data.hits COUNT : 0
rocksdb.table.open.prefetch.tail.miss COUNT : 0
rocksdb.table.open.prefetch.tail.hit COUNT : 0
rocksdb.db.get.micros P50 : 0.000000 P95 : 0.000000 P99 : 0.000000 P100 : 0.000000 COUNT : 0 SUM : 0
rocksdb.db.write.micros P50 : 8244.779116 P95 : 85535.117057 P99 : 163072.727273 P100 : 202270.000000 COUNT : 40000 SUM : 653127984
rocksdb.compaction.times.micros P50 : 149218.750000 P95 : 234203.389831 P99 : 247925.423729 P100 : 260221.000000 COUNT : 253 SUM : 39104553
rocksdb.compaction.times.cpu_micros P50 : 144700.460829 P95 : 1776333.333333 P99 : 2141826.000000 P100 : 2141826.000000 COUNT : 253 SUM : 74518507
rocksdb.subcompaction.setup.times.micros P50 : 4400.000000 P95 : 11715.000000 P99 : 11715.000000 P100 : 11715.000000 COUNT : 28 SUM : 148201
rocksdb.table.sync.micros P50 : 4611.145511 P95 : 13138.305085 P99 : 21658.666667 P100 : 49065.000000 COUNT : 1028 SUM : 5862086
rocksdb.compaction.outfile.sync.micros P50 : 3641.461101 P95 : 9785.769231 P99 : 18400.000000 P100 : 52546.000000 COUNT : 1165 SUM : 5032610
rocksdb.wal.file.sync.micros P50 : 0.000000 P95 : 0.000000 P99 : 0.000000 P100 : 0.000000 COUNT : 0 SUM : 0
rocksdb.manifest.file.sync.micros P50 : 2670.683453 P95 : 6461.683168 P99 : 10544.818182 P100 : 16907.000000 COUNT : 1127 SUM : 3505562
rocksdb.table.open.io.micros P50 : 360.358255 P95 : 1085.000000 P99 : 3745.454545 P100 : 39071.000000 COUNT : 2180 SUM : 1125408
rocksdb.db.multiget.micros P50 : 0.000000 P95 : 0.000000 P99 : 0.000000 P100 : 0.000000 COUNT : 0 SUM : 0
rocksdb.read.block.compaction.micros P50 : 22.350149 P95 : 43.806501 P99 : 65.855145 P100 : 36049.000000 COUNT : 84520 SUM : 2581069
rocksdb.read.block.get.micros P50 : 20.695707 P95 : 50.541779 P99 : 75.035088 P100 : 4946.000000 COUNT : 4360 SUM : 131814
rocksdb.write.raw.block.micros P50 : 9.555307 P95 : 29.521779 P99 : 71.889969 P100 : 42282.000000 COUNT : 90571 SUM : 1909970
rocksdb.numfiles.in.singlecompaction P50 : 4.000000 P95 : 44.370000 P99 : 55.000000 P100 : 55.000000 COUNT : 256 SUM : 2178
rocksdb.db.seek.micros P50 : 0.000000 P95 : 0.000000 P99 : 0.000000 P100 : 0.000000 COUNT : 0 SUM : 0
rocksdb.db.write.stall P50 : 74166.666667 P95 : 159695.652174 P99 : 170800.000000 P100 : 184709.000000 COUNT : 99 SUM : 7331893
rocksdb.sst.read.micros P50 : 5.445613 P95 : 12.373721 P99 : 20.072039 P100 : 38639.000000 COUNT : 95427 SUM : 870982
rocksdb.num.subcompactions.scheduled P50 : 12.407407 P95 : 13.000000 P99 : 13.000000 P100 : 13.000000 COUNT : 28 SUM : 355
rocksdb.bytes.per.read P50 : 0.000000 P95 : 0.000000 P99 : 0.000000 P100 : 0.000000 COUNT : 0 SUM : 0
rocksdb.bytes.per.write P50 : 4282.306477 P95 : 124012.000000 P99 : 124012.000000 P100 : 124012.000000 COUNT : 3500 SUM : 124042000
rocksdb.bytes.per.multiget P50 : 0.000000 P95 : 0.000000 P99 : 0.000000 P100 : 0.000000 COUNT : 0 SUM : 0
rocksdb.bytes.compressed P50 : 3617.019830 P95 : 4066.000000 P99 : 4066.000000 P100 : 4066.000000 COUNT : 22269 SUM : 87243229
rocksdb.bytes.decompressed P50 : 3616.556387 P95 : 4066.000000 P99 : 4066.000000 P100 : 4066.000000 COUNT : 21786 SUM : 85315267
rocksdb.compression.times.nanos P50 : 0.000000 P95 : 0.000000 P99 : 0.000000 P100 : 0.000000 COUNT : 0 SUM : 0
rocksdb.decompression.times.nanos P50 : 0.000000 P95 : 0.000000 P99 : 0.000000 P100 : 0.000000 COUNT : 0 SUM : 0
rocksdb.read.num.merge_operands P50 : 0.000000 P95 : 0.000000 P99 : 0.000000 P100 : 0.000000 COUNT : 0 SUM : 0
rocksdb.blobdb.key.size P50 : 0.000000 P95 : 0.000000 P99 : 0.000000 P100 : 0.000000 COUNT : 0 SUM : 0
rocksdb.blobdb.value.size P50 : 0.000000 P95 : 0.000000 P99 : 0.000000 P100 : 0.000000 COUNT : 0 SUM : 0
rocksdb.blobdb.write.micros P50 : 0.000000 P95 : 0.000000 P99 : 0.000000 P100 : 0.000000 COUNT : 0 SUM : 0
rocksdb.blobdb.get.micros P50 : 0.000000 P95 : 0.000000 P99 : 0.000000 P100 : 0.000000 COUNT : 0 SUM : 0
rocksdb.blobdb.multiget.micros P50 : 0.000000 P95 : 0.000000 P99 : 0.000000 P100 : 0.000000 COUNT : 0 SUM : 0
rocksdb.blobdb.seek.micros P50 : 0.000000 P95 : 0.000000 P99 : 0.000000 P100 : 0.000000 COUNT : 0 SUM : 0
rocksdb.blobdb.next.micros P50 : 0.000000 P95 : 0.000000 P99 : 0.000000 P100 : 0.000000 COUNT : 0 SUM : 0
rocksdb.blobdb.prev.micros P50 : 0.000000 P95 : 0.000000 P99 : 0.000000 P100 : 0.000000 COUNT : 0 SUM : 0
rocksdb.blobdb.blob.file.write.micros P50 : 0.000000 P95 : 0.000000 P99 : 0.000000 P100 : 0.000000 COUNT : 0 SUM : 0
rocksdb.blobdb.blob.file.read.micros P50 : 0.000000 P95 : 0.000000 P99 : 0.000000 P100 : 0.000000 COUNT : 0 SUM : 0
rocksdb.blobdb.blob.file.sync.micros P50 : 0.000000 P95 : 0.000000 P99 : 0.000000 P100 : 0.000000 COUNT : 0 SUM : 0
rocksdb.blobdb.compression.micros P50 : 0.000000 P95 : 0.000000 P99 : 0.000000 P100 : 0.000000 COUNT : 0 SUM : 0
rocksdb.blobdb.decompression.micros P50 : 0.000000 P95 : 0.000000 P99 : 0.000000 P100 : 0.000000 COUNT : 0 SUM : 0
rocksdb.db.flush.micros P50 : 29302.521008 P95 : 48702.074689 P99 : 69586.206897 P100 : 113177.000000 COUNT : 1028 SUM : 31458305
rocksdb.sst.batch.size P50 : 0.000000 P95 : 0.000000 P99 : 0.000000 P100 : 0.000000 COUNT : 0 SUM : 0
rocksdb.num.index.and.filter.blocks.read.per.level P50 : 0.000000 P95 : 0.000000 P99 : 0.000000 P100 : 0.000000 COUNT : 0 SUM : 0
rocksdb.num.sst.read.per.level P50 : 0.000000 P95 : 0.000000 P99 : 0.000000 P100 : 0.000000 COUNT : 0 SUM : 0
rocksdb.error.handler.autoresume.retry.count P50 : 0.000000 P95 : 0.000000 P99 : 0.000000 P100 : 0.000000 COUNT : 0 SUM : 0
rocksdb.async.read.bytes P50 : 0.000000 P95 : 0.000000 P99 : 0.000000 P100 : 0.000000 COUNT : 0 SUM : 0
rocksdb.poll.wait.micros P50 : 0.000000 P95 : 0.000000 P99 : 0.000000 P100 : 0.000000 COUNT : 0 SUM : 0
rocksdb.prefetched.bytes.discarded P50 : 0.000000 P95 : 0.000000 P99 : 0.000000 P100 : 0.000000 COUNT : 5949 SUM : 0
rocksdb.multiget.io.batch.size P50 : 0.000000 P95 : 0.000000 P99 : 0.000000 P100 : 0.000000 COUNT : 0 SUM : 0
rocksdb.num.level.read.per.multiget P50 : 0.000000 P95 : 0.000000 P99 : 0.000000 P100 : 0.000000 COUNT : 0 SUM : 0
rocksdb.async.prefetch.abort.micros P50 : 0.000000 P95 : 0.000000 P99 : 0.000000 P100 : 0.000000 COUNT : 0 SUM : 0
rocksdb.table.open.prefetch.tail.read.bytes P50 : 0.000000 P95 : 0.000000 P99 : 0.000000 P100 : 0.000000 COUNT : 0 SUM : 0

