Set seed to 1689495597395082 because --seed was 0
Initializing RocksDB Options from the specified file
Initializing RocksDB Options from command-line flags
Integrated BlobDB: blob cache disabled
Keys:       8 bytes each (+ 0 bytes user-defined timestamp)
Values:     20 bytes each (10 bytes after compression)
Entries:    100000
Prefix:    0 bytes
Keys per prefix:    0
RawSize:    2.7 MB (estimated)
FileSize:   1.7 MB (estimated)
Write rate: 0 bytes/second
Read rate: 0 ops/second
Compression: Snappy
Compression sampling rate: 0
Memtablerep: SkipListFactory
Perf Level: 1
WARNING: Optimization is disabled: benchmarks unnecessarily slow
WARNING: Assertions are enabled; benchmarks unnecessarily slow
------------------------------------------------
Initializing RocksDB Options from the specified file
Initializing RocksDB Options from command-line flags
Integrated BlobDB: blob cache disabled
DB path: [/tmp/rdb_benchmark]
fillrandom   :     173.475 micros/op 229543 ops/sec 17.426 seconds 4000000 operations;    6.1 MB/s


** Compaction Stats [default] **
Level    Files   Size     Score Read(GB)  Rn(GB) Rnp1(GB) Write(GB) Wnew(GB) Moved(GB) W-Amp Rd(MB/s) Wr(MB/s) Comp(sec) CompMergeCPU(sec) Comp(cnt) Avg(sec) KeyIn KeyDrop Rblob(GB) Wblob(GB)
------------------------------------------------------------------------------------------------------------------------------------------------------------------------------------------------
  L0     15/12   1.73 MB   0.8      0.1     0.0      0.1       0.2      0.1       0.0   1.9      1.9      3.8     64.20             49.36      1249    0.051   3636K   221K       0.0       0.0
  L1     37/37   2.73 MB   0.0      0.2     0.1      0.1       0.1      0.0       0.0   0.6     34.5     13.1      5.43             42.67        27    0.201   6152K  3547K       0.0       0.0
 Sum     52/49   4.45 MB   0.0      0.3     0.1      0.2       0.3      0.1       0.0   2.4      4.4      4.5     69.63             92.03      1276    0.055   9788K  3768K       0.0       0.0
 Int      0/0    0.00 KB   0.0      0.3     0.1      0.2       0.3      0.1       0.0   2.5      4.6      4.5     57.93             79.51      1045    0.055   8603K  3388K       0.0       0.0

** Compaction Stats [default] **
Priority    Files   Size     Score Read(GB)  Rn(GB) Rnp1(GB) Write(GB) Wnew(GB) Moved(GB) W-Amp Rd(MB/s) Wr(MB/s) Comp(sec) CompMergeCPU(sec) Comp(cnt) Avg(sec) KeyIn KeyDrop Rblob(GB) Wblob(GB)
---------------------------------------------------------------------------------------------------------------------------------------------------------------------------------------------------
 Low      0/0    0.00 KB   0.0      0.3     0.1      0.2       0.2     -0.0       0.0   0.0      8.0      4.7     38.54             72.72       252    0.153   9788K  3768K       0.0       0.0
High      0/0    0.00 KB   0.0      0.0     0.0      0.0       0.1      0.1       0.0   0.0      0.0      4.2     31.09             19.31      1024    0.030       0      0       0.0       0.0

Blob file count: 0, total size: 0.0 GB, garbage size: 0.0 GB, space amp: 0.0

Uptime(secs): 17.5 total, 14.4 interval
Flush(GB): cumulative 0.126, interval 0.103
AddFile(GB): cumulative 0.000, interval 0.000
AddFile(Total Files): cumulative 0, interval 0
AddFile(L0 Files): cumulative 0, interval 0
AddFile(Keys): cumulative 0, interval 0
Cumulative compaction: 0.30 GB write, 17.86 MB/s write, 0.30 GB read, 17.60 MB/s read, 69.6 seconds
Interval compaction: 0.26 GB write, 18.23 MB/s write, 0.26 GB read, 18.65 MB/s read, 57.9 seconds
Write Stall (count): cf-l0-file-count-limit-delays-with-ongoing-compaction: 485, cf-l0-file-count-limit-stops-with-ongoing-compaction: 0, l0-file-count-limit-delays: 485, l0-file-count-limit-stops: 0, memtable-limit-delays: 0, memtable-limit-stops: 0, pending-compaction-bytes-delays: 0, pending-compaction-bytes-stops: 0, total-delays: 485, total-stops: 0, interval: 389 total count
Block cache LRUCache@0x559ad407c400#255964 capacity: 9.77 KB usage: 0.09 KB table_size: 16 occupancy: 88 collections: 1 last_copies: 1 last_secs: 0.000155 secs_since: 17
Block cache entry stats(count,size,portion): Misc(1,0.00 KB,0%)

** File Read Latency Histogram By Level [default] **
** Level 0 read latency histogram (micros):
Count: 69101 Average: 9.0726  StdDev: 114.93
Min: 1  Median: 5.4362  Max: 16021
Percentiles: P50: 5.44 P75: 7.42 P99: 19.30 P99.9: 103.51 P99.99: 765.73
------------------------------------------------------
[       0,       1 ]       41   0.059%   0.059% 
(       1,       2 ]      603   0.873%   0.932% 
(       2,       3 ]     1846   2.671%   3.603% #
(       3,       4 ]     5801   8.395%  11.998% ##
(       4,       6 ]    36568  52.920%  64.918% ###########
(       6,      10 ]    19575  28.328%  93.246% ######
(      10,      15 ]     3407   4.930%  98.177% #
(      15,      22 ]      926   1.340%  99.517% 
(      22,      34 ]      204   0.295%  99.812% 
(      34,      51 ]       39   0.056%  99.868% 
(      51,      76 ]       13   0.019%  99.887% 
(      76,     110 ]       11   0.016%  99.903% 
(     110,     170 ]       10   0.014%  99.918% 
(     170,     250 ]        5   0.007%  99.925% 
(     250,     380 ]        8   0.012%  99.936% 
(     380,     580 ]       23   0.033%  99.970% 
(     580,     870 ]       22   0.032% 100.001% 
(     870,    1300 ]       15   0.022% 100.023% 
(    1300,    1900 ]        8   0.012% 100.035% 
(    1900,    2900 ]        9   0.013% 100.048% 
(    2900,    4400 ]        6   0.009% 100.056% 
(    4400,    6600 ]        4   0.006% 100.062% 
(    6600,    9900 ]        1   0.001% 100.064% 
(    9900,   14000 ]        2   0.003% 100.067% 
(   14000,   22000 ]        1   0.001% 100.068% 

** Level 1 read latency histogram (micros):
Count: 26493 Average: 9.1114  StdDev: 100.76
Min: 1  Median: 5.3042  Max: 12522
Percentiles: P50: 5.30 P75: 7.01 P99: 19.22 P99.9: 32.15 P99.99: 43.94
------------------------------------------------------
[       0,       1 ]       43   0.162%   0.162% 
(       1,       2 ]     1002   3.782%   3.944% #
(       2,       3 ]      976   3.684%   7.628% #
(       3,       4 ]     2011   7.591%  15.219% ##
(       4,       6 ]    14130  53.335%  68.554% ###########
(       6,      10 ]     6742  25.448%  94.002% #####
(      10,      15 ]     1083   4.088%  98.090% #
(      15,      22 ]      400   1.510%  99.600% 
(      22,      34 ]       94   0.355%  99.955% 
(      34,      51 ]       16   0.060% 100.015% 
(      51,      76 ]        8   0.030% 100.045% 
(      76,     110 ]        8   0.030% 100.075% 
(     110,     170 ]        6   0.023% 100.098% 
(     170,     250 ]        1   0.004% 100.102% 
(     250,     380 ]       13   0.049% 100.151% 
(     380,     580 ]       10   0.038% 100.189% 
(     580,     870 ]       17   0.064% 100.253% 
(     870,    1300 ]       13   0.049% 100.302% 
(    1300,    1900 ]        1   0.004% 100.306% 
(    1900,    2900 ]        2   0.008% 100.313% 
(    2900,    4400 ]        2   0.008% 100.321% 
(    4400,    6600 ]        2   0.008% 100.328% 
(    9900,   14000 ]        1   0.004% 100.332% 


** DB Stats **
Uptime(secs): 17.5 total, 14.4 interval
Cumulative writes: 0 writes, 4000K keys, 0 commit groups, 0.0 writes per commit group, ingest: 0.12 GB, 6.77 MB/s
Cumulative WAL: 0 writes, 0 syncs, 0.00 writes per sync, written: 0.00 GB, 0.00 MB/s
Cumulative stall: 00:00:6.752 H:M:S, 38.7 percent
Interval writes: 0 writes, 3266K keys, 0 commit groups, 0.0 writes per commit group, ingest: 96.60 MB, 6.69 MB/s
Interval WAL: 0 writes, 0 syncs, 0.00 writes per sync, written: 0.00 GB, 0.00 MB/s
Interval stall: 00:00:5.680 H:M:S, 39.4 percent
Write Stall (count): write-buffer-manager-limit-stops: 0, 
STATISTICS:
rocksdb.block.cache.miss COUNT : 84904
rocksdb.block.cache.hit COUNT : 0
rocksdb.block.cache.add COUNT : 0
rocksdb.block.cache.add.failures COUNT : 0
rocksdb.block.cache.index.miss COUNT : 0
rocksdb.block.cache.index.hit COUNT : 0
rocksdb.block.cache.index.add COUNT : 0
rocksdb.block.cache.index.bytes.insert COUNT : 0
rocksdb.block.cache.filter.miss COUNT : 0
rocksdb.block.cache.filter.hit COUNT : 0
rocksdb.block.cache.filter.add COUNT : 0
rocksdb.block.cache.filter.bytes.insert COUNT : 0
rocksdb.block.cache.data.miss COUNT : 84904
rocksdb.block.cache.data.hit COUNT : 0
rocksdb.block.cache.data.add COUNT : 0
rocksdb.block.cache.data.bytes.insert COUNT : 0
rocksdb.block.cache.bytes.read COUNT : 0
rocksdb.block.cache.bytes.write COUNT : 0
rocksdb.bloom.filter.useful COUNT : 0
rocksdb.bloom.filter.full.positive COUNT : 0
rocksdb.bloom.filter.full.true.positive COUNT : 0
rocksdb.persistent.cache.hit COUNT : 0
rocksdb.persistent.cache.miss COUNT : 0
rocksdb.sim.block.cache.hit COUNT : 0
rocksdb.sim.block.cache.miss COUNT : 0
rocksdb.memtable.hit COUNT : 0
rocksdb.memtable.miss COUNT : 0
rocksdb.l0.hit COUNT : 0
rocksdb.l1.hit COUNT : 0
rocksdb.l2andup.hit COUNT : 0
rocksdb.compaction.key.drop.new COUNT : 3788274
rocksdb.compaction.key.drop.obsolete COUNT : 0
rocksdb.compaction.key.drop.range_del COUNT : 0
rocksdb.compaction.key.drop.user COUNT : 0
rocksdb.compaction.range_del.drop.obsolete COUNT : 0
rocksdb.compaction.optimized.del.drop.obsolete COUNT : 0
rocksdb.compaction.cancelled COUNT : 0
rocksdb.number.keys.written COUNT : 4000000
rocksdb.number.keys.read COUNT : 0
rocksdb.number.keys.updated COUNT : 0
rocksdb.bytes.written COUNT : 124031092
rocksdb.bytes.read COUNT : 0
rocksdb.number.db.seek COUNT : 0
rocksdb.number.db.next COUNT : 0
rocksdb.number.db.prev COUNT : 0
rocksdb.number.db.seek.found COUNT : 0
rocksdb.number.db.next.found COUNT : 0
rocksdb.number.db.prev.found COUNT : 0
rocksdb.db.iter.bytes.read COUNT : 0
rocksdb.no.file.opens COUNT : 2177
rocksdb.no.file.errors COUNT : 0
rocksdb.stall.micros COUNT : 6751828
rocksdb.db.mutex.wait.micros COUNT : 0
rocksdb.number.multiget.get COUNT : 0
rocksdb.number.multiget.keys.read COUNT : 0
rocksdb.number.multiget.bytes.read COUNT : 0
rocksdb.number.merge.failures COUNT : 0
rocksdb.bloom.filter.prefix.checked COUNT : 0
rocksdb.bloom.filter.prefix.useful COUNT : 0
rocksdb.number.reseeks.iteration COUNT : 0
rocksdb.getupdatessince.calls COUNT : 0
rocksdb.wal.synced COUNT : 0
rocksdb.wal.bytes COUNT : 0
rocksdb.write.self COUNT : 0
rocksdb.write.other COUNT : 0
rocksdb.write.wal COUNT : 0
rocksdb.compact.read.bytes COUNT : 329902731
rocksdb.compact.write.bytes COUNT : 182880843
rocksdb.flush.write.bytes COUNT : 135651522
rocksdb.compact.read.marked.bytes COUNT : 0
rocksdb.compact.read.periodic.bytes COUNT : 0
rocksdb.compact.read.ttl.bytes COUNT : 0
rocksdb.compact.write.marked.bytes COUNT : 0
rocksdb.compact.write.periodic.bytes COUNT : 0
rocksdb.compact.write.ttl.bytes COUNT : 0
rocksdb.number.direct.load.table.properties COUNT : 0
rocksdb.number.superversion_acquires COUNT : 0
rocksdb.number.superversion_releases COUNT : 0
rocksdb.number.superversion_cleanups COUNT : 0
rocksdb.number.block.compressed COUNT : 22549
rocksdb.number.block.decompressed COUNT : 22065
rocksdb.number.block.not_compressed COUNT : 836
rocksdb.merge.operation.time.nanos COUNT : 0
rocksdb.filter.operation.time.nanos COUNT : 0
rocksdb.row.cache.hit COUNT : 0
rocksdb.row.cache.miss COUNT : 0
rocksdb.read.amp.estimate.useful.bytes COUNT : 0
rocksdb.read.amp.total.read.bytes COUNT : 0
rocksdb.number.rate_limiter.drains COUNT : 0
rocksdb.number.iter.skip COUNT : 0
rocksdb.blobdb.num.put COUNT : 0
rocksdb.blobdb.num.write COUNT : 0
rocksdb.blobdb.num.get COUNT : 0
rocksdb.blobdb.num.multiget COUNT : 0
rocksdb.blobdb.num.seek COUNT : 0
rocksdb.blobdb.num.next COUNT : 0
rocksdb.blobdb.num.prev COUNT : 0
rocksdb.blobdb.num.keys.written COUNT : 0
rocksdb.blobdb.num.keys.read COUNT : 0
rocksdb.blobdb.bytes.written COUNT : 0
rocksdb.blobdb.bytes.read COUNT : 0
rocksdb.blobdb.write.inlined COUNT : 0
rocksdb.blobdb.write.inlined.ttl COUNT : 0
rocksdb.blobdb.write.blob COUNT : 0
rocksdb.blobdb.write.blob.ttl COUNT : 0
rocksdb.blobdb.blob.file.bytes.written COUNT : 0
rocksdb.blobdb.blob.file.bytes.read COUNT : 0
rocksdb.blobdb.blob.file.synced COUNT : 0
rocksdb.blobdb.blob.index.expired.count COUNT : 0
rocksdb.blobdb.blob.index.expired.size COUNT : 0
rocksdb.blobdb.blob.index.evicted.count COUNT : 0
rocksdb.blobdb.blob.index.evicted.size COUNT : 0
rocksdb.blobdb.gc.num.files COUNT : 0
rocksdb.blobdb.gc.num.new.files COUNT : 0
rocksdb.blobdb.gc.failures COUNT : 0
rocksdb.blobdb.gc.num.keys.relocated COUNT : 0
rocksdb.blobdb.gc.bytes.relocated COUNT : 0
rocksdb.blobdb.fifo.num.files.evicted COUNT : 0
rocksdb.blobdb.fifo.num.keys.evicted COUNT : 0
rocksdb.blobdb.fifo.bytes.evicted COUNT : 0
rocksdb.txn.overhead.mutex.prepare COUNT : 0
rocksdb.txn.overhead.mutex.old.commit.map COUNT : 0
rocksdb.txn.overhead.duplicate.key COUNT : 0
rocksdb.txn.overhead.mutex.snapshot COUNT : 0
rocksdb.txn.get.tryagain COUNT : 0
rocksdb.number.multiget.keys.found COUNT : 0
rocksdb.num.iterator.created COUNT : 0
rocksdb.num.iterator.deleted COUNT : 0
rocksdb.block.cache.compression.dict.miss COUNT : 0
rocksdb.block.cache.compression.dict.hit COUNT : 0
rocksdb.block.cache.compression.dict.add COUNT : 0
rocksdb.block.cache.compression.dict.bytes.insert COUNT : 0
rocksdb.block.cache.add.redundant COUNT : 0
rocksdb.block.cache.index.add.redundant COUNT : 0
rocksdb.block.cache.filter.add.redundant COUNT : 0
rocksdb.block.cache.data.add.redundant COUNT : 0
rocksdb.block.cache.compression.dict.add.redundant COUNT : 0
rocksdb.files.marked.trash COUNT : 0
rocksdb.files.deleted.immediately COUNT : 2125
rocksdb.error.handler.bg.errro.count COUNT : 0
rocksdb.error.handler.bg.io.errro.count COUNT : 0
rocksdb.error.handler.bg.retryable.io.errro.count COUNT : 0
rocksdb.error.handler.autoresume.count COUNT : 0
rocksdb.error.handler.autoresume.retry.total.count COUNT : 0
rocksdb.error.handler.autoresume.success.count COUNT : 0
rocksdb.memtable.payload.bytes.at.flush COUNT : 143946000
rocksdb.memtable.garbage.bytes.at.flush COUNT : 2797596
rocksdb.secondary.cache.hits COUNT : 0
rocksdb.verify_checksum.read.bytes COUNT : 0
rocksdb.backup.read.bytes COUNT : 0
rocksdb.backup.write.bytes COUNT : 0
rocksdb.remote.compact.read.bytes COUNT : 0
rocksdb.remote.compact.write.bytes COUNT : 0
rocksdb.hot.file.read.bytes COUNT : 0
rocksdb.warm.file.read.bytes COUNT : 0
rocksdb.cold.file.read.bytes COUNT : 0
rocksdb.hot.file.read.count COUNT : 0
rocksdb.warm.file.read.count COUNT : 0
rocksdb.cold.file.read.count COUNT : 0
rocksdb.last.level.read.bytes COUNT : 0
rocksdb.last.level.read.count COUNT : 0
rocksdb.non.last.level.read.bytes COUNT : 341001898
rocksdb.non.last.level.read.count COUNT : 95791
rocksdb.block.checksum.compute.count COUNT : 91437
rocksdb.multiget.coroutine.count COUNT : 0
rocksdb.blobdb.cache.miss COUNT : 0
rocksdb.blobdb.cache.hit COUNT : 0
rocksdb.blobdb.cache.add COUNT : 0
rocksdb.blobdb.cache.add.failures COUNT : 0
rocksdb.blobdb.cache.bytes.read COUNT : 0
rocksdb.blobdb.cache.bytes.write COUNT : 0
rocksdb.read.async.micros COUNT : 0
rocksdb.async.read.error.count COUNT : 0
rocksdb.secondary.cache.filter.hits COUNT : 0
rocksdb.secondary.cache.index.hits COUNT : 0
rocksdb.secondary.cache.data.hits COUNT : 0
rocksdb.table.open.prefetch.tail.miss COUNT : 0
rocksdb.table.open.prefetch.tail.hit COUNT : 0
rocksdb.db.get.micros P50 : 0.000000 P95 : 0.000000 P99 : 0.000000 P100 : 0.000000 COUNT : 0 SUM : 0
rocksdb.db.write.micros P50 : 9404.219838 P95 : 73173.076923 P99 : 158665.413534 P100 : 190477.000000 COUNT : 40000 SUM : 685691207
rocksdb.compaction.times.micros P50 : 148461.538462 P95 : 234296.296296 P99 : 249229.629630 P100 : 278005.000000 COUNT : 252 SUM : 38543730
rocksdb.compaction.times.cpu_micros P50 : 144444.444444 P95 : 1742500.000000 P99 : 2071038.000000 P100 : 2071038.000000 COUNT : 252 SUM : 72716143
rocksdb.subcompaction.setup.times.micros P50 : 3350.000000 P95 : 7590.000000 P99 : 9208.000000 P100 : 9208.000000 COUNT : 28 SUM : 105479
rocksdb.table.sync.micros P50 : 4302.941176 P95 : 12436.875000 P99 : 19899.487179 P100 : 20333.000000 COUNT : 1024 SUM : 5363033
rocksdb.compaction.outfile.sync.micros P50 : 3688.745387 P95 : 9979.722222 P99 : 17944.347826 P100 : 21944.000000 COUNT : 1166 SUM : 5109454
rocksdb.wal.file.sync.micros P50 : 0.000000 P95 : 0.000000 P99 : 0.000000 P100 : 0.000000 COUNT : 0 SUM : 0
rocksdb.manifest.file.sync.micros P50 : 2598.863636 P95 : 6619.642857 P99 : 11396.500000 P100 : 22789.000000 COUNT : 1135 SUM : 3527797
rocksdb.table.open.io.micros P50 : 349.651408 P95 : 1169.689024 P99 : 3553.750000 P100 : 12927.000000 COUNT : 2177 SUM : 1102719
rocksdb.db.multiget.micros P50 : 0.000000 P95 : 0.000000 P99 : 0.000000 P100 : 0.000000 COUNT : 0 SUM : 0
rocksdb.read.block.compaction.micros P50 : 21.909143 P95 : 42.855189 P99 : 64.633199 P100 : 23789.000000 COUNT : 84911 SUM : 2435336
rocksdb.read.block.get.micros P50 : 20.060046 P95 : 47.872242 P99 : 74.917969 P100 : 5150.000000 COUNT : 4354 SUM : 119101
rocksdb.write.raw.block.micros P50 : 9.439042 P95 : 29.766428 P99 : 72.004873 P100 : 23999.000000 COUNT : 90959 SUM : 1778896
rocksdb.numfiles.in.singlecompaction P50 : 4.000000 P95 : 43.010000 P99 : 49.946000 P100 : 53.000000 COUNT : 255 SUM : 2174
rocksdb.db.seek.micros P50 : 0.000000 P95 : 0.000000 P99 : 0.000000 P100 : 0.000000 COUNT : 0 SUM : 0
rocksdb.db.write.stall P50 : 50961.538462 P95 : 160318.181818 P99 : 177483.000000 P100 : 177483.000000 COUNT : 111 SUM : 6751829
rocksdb.sst.read.micros P50 : 5.402066 P95 : 11.785905 P99 : 19.988793 P100 : 16021.000000 COUNT : 95798 SUM : 868600
rocksdb.num.subcompactions.scheduled P50 : 12.407407 P95 : 13.000000 P99 : 13.000000 P100 : 13.000000 COUNT : 28 SUM : 356
rocksdb.bytes.per.read P50 : 0.000000 P95 : 0.000000 P99 : 0.000000 P100 : 0.000000 COUNT : 0 SUM : 0
rocksdb.bytes.per.write P50 : 4315.331391 P95 : 124012.000000 P99 : 124012.000000 P100 : 124012.000000 COUNT : 2591 SUM : 124031092
rocksdb.bytes.per.multiget P50 : 0.000000 P95 : 0.000000 P99 : 0.000000 P100 : 0.000000 COUNT : 0 SUM : 0
rocksdb.bytes.compressed P50 : 3617.528563 P95 : 4065.000000 P99 : 4065.000000 P100 : 4065.000000 COUNT : 22555 SUM : 88465680
rocksdb.bytes.decompressed P50 : 3617.116776 P95 : 4065.000000 P99 : 4065.000000 P100 : 4065.000000 COUNT : 22070 SUM : 86531694
rocksdb.compression.times.nanos P50 : 0.000000 P95 : 0.000000 P99 : 0.000000 P100 : 0.000000 COUNT : 0 SUM : 0
rocksdb.decompression.times.nanos P50 : 0.000000 P95 : 0.000000 P99 : 0.000000 P100 : 0.000000 COUNT : 0 SUM : 0
rocksdb.read.num.merge_operands P50 : 0.000000 P95 : 0.000000 P99 : 0.000000 P100 : 0.000000 COUNT : 0 SUM : 0
rocksdb.blobdb.key.size P50 : 0.000000 P95 : 0.000000 P99 : 0.000000 P100 : 0.000000 COUNT : 0 SUM : 0
rocksdb.blobdb.value.size P50 : 0.000000 P95 : 0.000000 P99 : 0.000000 P100 : 0.000000 COUNT : 0 SUM : 0
rocksdb.blobdb.write.micros P50 : 0.000000 P95 : 0.000000 P99 : 0.000000 P100 : 0.000000 COUNT : 0 SUM : 0
rocksdb.blobdb.get.micros P50 : 0.000000 P95 : 0.000000 P99 : 0.000000 P100 : 0.000000 COUNT : 0 SUM : 0
rocksdb.blobdb.multiget.micros P50 : 0.000000 P95 : 0.000000 P99 : 0.000000 P100 : 0.000000 COUNT : 0 SUM : 0
rocksdb.blobdb.seek.micros P50 : 0.000000 P95 : 0.000000 P99 : 0.000000 P100 : 0.000000 COUNT : 0 SUM : 0
rocksdb.blobdb.next.micros P50 : 0.000000 P95 : 0.000000 P99 : 0.000000 P100 : 0.000000 COUNT : 0 SUM : 0
rocksdb.blobdb.prev.micros P50 : 0.000000 P95 : 0.000000 P99 : 0.000000 P100 : 0.000000 COUNT : 0 SUM : 0
rocksdb.blobdb.blob.file.write.micros P50 : 0.000000 P95 : 0.000000 P99 : 0.000000 P100 : 0.000000 COUNT : 0 SUM : 0
rocksdb.blobdb.blob.file.read.micros P50 : 0.000000 P95 : 0.000000 P99 : 0.000000 P100 : 0.000000 COUNT : 0 SUM : 0
rocksdb.blobdb.blob.file.sync.micros P50 : 0.000000 P95 : 0.000000 P99 : 0.000000 P100 : 0.000000 COUNT : 0 SUM : 0
rocksdb.blobdb.compression.micros P50 : 0.000000 P95 : 0.000000 P99 : 0.000000 P100 : 0.000000 COUNT : 0 SUM : 0
rocksdb.blobdb.decompression.micros P50 : 0.000000 P95 : 0.000000 P99 : 0.000000 P100 : 0.000000 COUNT : 0 SUM : 0
rocksdb.db.flush.micros P50 : 29026.499303 P95 : 49106.103286 P99 : 70666.666667 P100 : 85793.000000 COUNT : 1024 SUM : 31087875
rocksdb.sst.batch.size P50 : 0.000000 P95 : 0.000000 P99 : 0.000000 P100 : 0.000000 COUNT : 0 SUM : 0
rocksdb.num.index.and.filter.blocks.read.per.level P50 : 0.000000 P95 : 0.000000 P99 : 0.000000 P100 : 0.000000 COUNT : 0 SUM : 0
rocksdb.num.sst.read.per.level P50 : 0.000000 P95 : 0.000000 P99 : 0.000000 P100 : 0.000000 COUNT : 0 SUM : 0
rocksdb.error.handler.autoresume.retry.count P50 : 0.000000 P95 : 0.000000 P99 : 0.000000 P100 : 0.000000 COUNT : 0 SUM : 0
rocksdb.async.read.bytes P50 : 0.000000 P95 : 0.000000 P99 : 0.000000 P100 : 0.000000 COUNT : 0 SUM : 0
rocksdb.poll.wait.micros P50 : 0.000000 P95 : 0.000000 P99 : 0.000000 P100 : 0.000000 COUNT : 0 SUM : 0
rocksdb.prefetched.bytes.discarded P50 : 0.000000 P95 : 0.000000 P99 : 0.000000 P100 : 0.000000 COUNT : 5888 SUM : 0
rocksdb.multiget.io.batch.size P50 : 0.000000 P95 : 0.000000 P99 : 0.000000 P100 : 0.000000 COUNT : 0 SUM : 0
rocksdb.num.level.read.per.multiget P50 : 0.000000 P95 : 0.000000 P99 : 0.000000 P100 : 0.000000 COUNT : 0 SUM : 0
rocksdb.async.prefetch.abort.micros P50 : 0.000000 P95 : 0.000000 P99 : 0.000000 P100 : 0.000000 COUNT : 0 SUM : 0
rocksdb.table.open.prefetch.tail.read.bytes P50 : 0.000000 P95 : 0.000000 P99 : 0.000000 P100 : 0.000000 COUNT : 0 SUM : 0

